\BOOKMARK [1][-]{section.1}{\376\377\170\024\172\166\200\314\146\157\116\016\000\040\000P\000h\000a\000s\000e\000\040\0001\000\040\126\336\230\176}{}% 1
\BOOKMARK [2][-]{subsection.1.1}{\376\377\000P\000h\000a\000s\000e\000\040\0001\000\040\121\163\225\056\176\323\213\272}{section.1}% 2
\BOOKMARK [2][-]{subsection.1.2}{\376\377\000P\000h\000a\000s\000e\000\040\0002\000\040\166\356\150\007}{section.1}% 3
\BOOKMARK [1][-]{section.2}{\376\377\164\006\213\272\127\372\170\100}{}% 4
\BOOKMARK [2][-]{subsection.2.1}{\376\377\145\160\133\146\152\041\127\213}{section.2}% 5
\BOOKMARK [2][-]{subsection.2.2}{\376\377\000F\000e\000i\000\040\000L\000u\000\040\000E\000r\000r\000o\000r\000\040\000F\000u\000n\000c\000t\000i\000o\000n\000a\000l}{section.2}% 6
\BOOKMARK [2][-]{subsection.2.3}{\376\377\000I\000d\000e\000n\000t\000i\000f\000i\000a\000b\000i\000l\000i\000t\000y\000\040\116\016\000\040\000R\000K\000H\000S\000\040\153\143\122\031\123\026}{section.2}% 7
\BOOKMARK [1][-]{section.3}{\376\377\000M\000V\000P\000-\0002\000.\0001\000:\000\040\000T\000r\000a\000j\000e\000c\000t\000o\000r\000y\000-\000b\000a\000s\000e\000d\000\040\000M\000L\000E\000\040\000B\000a\000s\000e\000l\000i\000n\000e}{}% 8
\BOOKMARK [2][-]{subsection.3.1}{\376\377\166\356\150\007\116\016\122\250\147\072}{section.3}% 9
\BOOKMARK [2][-]{subsection.3.2}{\376\377\145\271\154\325}{section.3}% 10
\BOOKMARK [2][-]{subsection.3.3}{\376\377\133\236\232\214\221\115\177\156}{section.3}% 11
\BOOKMARK [2][-]{subsection.3.4}{\376\377\176\323\147\234}{section.3}% 12
\BOOKMARK [2][-]{subsection.3.5}{\376\377\176\323\147\234\123\357\211\306\123\026}{section.3}% 13
\BOOKMARK [1][-]{section.4}{\376\377\000M\000V\000P\000-\0002\000.\0002\000:\000\040\000R\000K\000H\000S\000\040\000R\000e\000g\000u\000l\000a\000r\000i\000z\000e\000d\000\040\000T\000r\000a\000j\000e\000c\000t\000o\000r\000y\000-\000f\000r\000e\000e\000\040\000L\000e\000a\000r\000n\000i\000n\000g}{}% 14
\BOOKMARK [2][-]{subsection.4.1}{\376\377\166\356\150\007\116\016\122\250\147\072}{section.4}% 15
\BOOKMARK [2][-]{subsection.4.2}{\376\377\145\271\154\325}{section.4}% 16
\BOOKMARK [3][-]{subsubsection.4.2.1}{\376\377\000G\000a\000u\000s\000s\000i\000a\000n\000\040\000B\000a\000s\000i\000s\000\040\000F\000u\000n\000c\000t\000i\000o\000n\000s}{subsection.4.2}% 17
\BOOKMARK [3][-]{subsubsection.4.2.2}{\376\377\171\273\145\143\123\026\000\040\000E\000r\000r\000o\000r\000\040\000F\000u\000n\000c\000t\000i\000o\000n\000a\000l}{subsection.4.2}% 18
\BOOKMARK [3][-]{subsubsection.4.2.3}{\376\377\000T\000i\000k\000h\000o\000n\000o\000v\000\040\153\143\122\031\123\026}{subsection.4.2}% 19
\BOOKMARK [2][-]{subsection.4.3}{\376\377\133\236\232\214\221\115\177\156}{section.4}% 20
\BOOKMARK [2][-]{subsection.4.4}{\376\377\121\163\225\056\232\214\213\301\377\032\000O\000r\000a\000c\000l\000e\000\040\000T\000e\000s\000t}{section.4}% 21
\BOOKMARK [2][-]{subsection.4.5}{\376\377\153\143\122\031\123\026\123\302\145\160\000\040\000\040\145\117\141\037\140\047\122\006\147\220}{section.4}% 22
\BOOKMARK [2][-]{subsection.4.6}{\376\377\133\146\116\140\122\060\166\204\174\373\145\160}{section.4}% 23
\BOOKMARK [2][-]{subsection.4.7}{\376\377\176\323\147\234\123\357\211\306\123\026}{section.4}% 24
\BOOKMARK [1][-]{section.5}{\376\377\145\271\154\325\133\371\153\324\116\016\122\006\147\220}{}% 25
\BOOKMARK [2][-]{subsection.5.1}{\376\377\116\011\171\315\145\271\154\325\133\371\153\324}{section.5}% 26
\BOOKMARK [2][-]{subsection.5.2}{\376\377\116\072\116\300\116\110\000\040\000G\000a\000u\000s\000s\000i\000a\000n\000\040\000B\000a\000s\000i\000s\000\040\147\011\145\110\200\014\000\040\000B\000-\000s\000p\000l\000i\000n\000e\000\040\131\061\215\045\377\037}{section.5}% 27
\BOOKMARK [2][-]{subsection.5.3}{\376\377\000T\000r\000a\000j\000e\000c\000t\000o\000r\000y\000-\000b\000a\000s\000e\000d\000\040\000v\000s\000\040\000T\000r\000a\000j\000e\000c\000t\000o\000r\000y\000-\000f\000r\000e\000e}{section.5}% 28
\BOOKMARK [1][-]{section.6}{\376\377\121\163\225\056\155\036\211\301}{}% 29
\BOOKMARK [1][-]{section.7}{\376\377\176\323\213\272\116\016\116\013\116\000\153\145}{}% 30
\BOOKMARK [2][-]{subsection.7.1}{\376\377\000G\000a\000t\000e\000-\0002\000\040\213\304\117\060}{section.7}% 31
\BOOKMARK [2][-]{subsection.7.2}{\376\377\213\272\145\207\175\040\147\120\162\266\140\001}{section.7}% 32
\BOOKMARK [2][-]{subsection.7.3}{\376\377\116\013\116\000\153\145\136\372\213\256}{section.7}% 33
\BOOKMARK [1][-]{section.8}{\376\377\226\104\137\125}{}% 34
\BOOKMARK [2][-]{subsection.8.1}{\376\377\121\163\225\056\121\154\137\017}{section.8}% 35
\BOOKMARK [2][-]{subsection.8.2}{\376\377\116\343\170\001\145\207\116\366\175\042\137\025}{section.8}% 36
\BOOKMARK [2][-]{subsection.8.3}{\376\377\131\015\163\260\124\175\116\344}{section.8}% 37
